<?xml version="1.0" encoding="UTF-8"?>
<!-- Generated by org.testng.reporters.JUnitReportReporter -->
<testsuite hostname="Ibrahim" failures="0" tests="1" name="testCases.InvalidPW" time="0.449" errors="0" timestamp="2024-02-17T23:36:52 EST" skipped="0">
  <testcase classname="testCases.InvalidPW" name="invalidPW" time="0.449"/>
  <system-out/>
</testsuite> <!-- testCases.InvalidPW -->
