<?xml version="1.0" encoding="UTF-8"?>
<!-- Generated by org.testng.reporters.JUnitReportReporter -->
<testsuite hostname="Ibrahim" failures="0" tests="1" name="testCases.ValidLogin" time="0.345" errors="0" timestamp="2024-02-19T21:35:49 EST" skipped="0">
  <testcase classname="testCases.ValidLogin" name="validlogin" time="0.345"/>
  <system-out/>
</testsuite> <!-- testCases.ValidLogin -->
