<?xml version="1.0" encoding="UTF-8"?>
<!-- Generated by org.testng.reporters.JUnitReportReporter -->
<testsuite hostname="Ibrahim" failures="0" tests="5" name="testCases.InvalidLogin" time="9.645" errors="0" timestamp="2024-03-02T22:55:44 EST" skipped="0">
  <testcase classname="testCases.InvalidLogin" name="InvalidSignIn" time="1.749"/>
  <system-out/>
  <testcase classname="testCases.InvalidLogin" name="InvalidSignIn" time="1.940"/>
  <system-out/>
  <testcase classname="testCases.InvalidLogin" name="InvalidSignIn" time="2.006"/>
  <system-out/>
  <testcase classname="testCases.InvalidLogin" name="InvalidSignIn" time="1.993"/>
  <system-out/>
  <testcase classname="testCases.InvalidLogin" name="InvalidSignIn" time="1.957"/>
  <system-out/>
</testsuite> <!-- testCases.InvalidLogin -->
