<?xml version="1.0" encoding="UTF-8"?>
<!-- Generated by org.testng.reporters.JUnitReportReporter -->
<testsuite hostname="Ibrahim" failures="0" tests="5" name="testCases.InvalidLogin" time="9.985" errors="0" timestamp="2024-03-02T23:06:05 EST" skipped="0">
  <testcase classname="testCases.InvalidLogin" name="InvalidSignIn" time="1.900"/>
  <system-out/>
  <testcase classname="testCases.InvalidLogin" name="InvalidSignIn" time="1.991"/>
  <system-out/>
  <testcase classname="testCases.InvalidLogin" name="InvalidSignIn" time="1.981"/>
  <system-out/>
  <testcase classname="testCases.InvalidLogin" name="InvalidSignIn" time="2.180"/>
  <system-out/>
  <testcase classname="testCases.InvalidLogin" name="InvalidSignIn" time="1.933"/>
  <system-out/>
</testsuite> <!-- testCases.InvalidLogin -->
