<?xml version="1.0" encoding="UTF-8"?>
<!-- Generated by org.testng.reporters.JUnitReportReporter -->
<testsuite hostname="Ibrahim" failures="0" tests="1" name="testCases.ValidLogin" time="2.730" errors="0" timestamp="2024-03-02T21:04:34 EST" skipped="0">
  <testcase classname="testCases.ValidLogin" name="validlogin" time="2.730"/>
  <system-out/>
</testsuite> <!-- testCases.ValidLogin -->
