<?xml version="1.0" encoding="UTF-8"?>
<!-- Generated by org.testng.reporters.JUnitReportReporter -->
<testsuite hostname="Ibrahim" failures="0" tests="1" name="testCases.End2End" time="2.675" errors="0" timestamp="2024-04-16T23:55:16 EDT" skipped="0">
  <testcase classname="testCases.End2End" name="EndToEnd" time="2.675"/>
  <system-out/>
</testsuite> <!-- testCases.End2End -->
