<?xml version="1.0" encoding="UTF-8"?>
<!-- Generated by org.testng.reporters.JUnitReportReporter -->
<testsuite hostname="Ibrahim" failures="0" tests="1" name="utility.Base" time="0.009" errors="0" timestamp="2024-02-14T20:07:02 EST" skipped="0">
  <testcase classname="utility.Base" name="readConfigFile" time="0.009"/>
  <system-out/>
</testsuite> <!-- utility.Base -->
