<?xml version="1.0" encoding="UTF-8"?>
<!-- Generated by org.testng.reporters.JUnitReportReporter -->
<testsuite hostname="Ibrahim" failures="0" tests="1" name="testCases.ValidLogin" time="0.639" errors="0" timestamp="2024-02-17T23:36:52 EST" skipped="0">
  <testcase classname="testCases.ValidLogin" name="validlogin" time="0.639"/>
  <system-out/>
</testsuite> <!-- testCases.ValidLogin -->
