<?xml version="1.0" encoding="UTF-8"?>
<!-- Generated by org.testng.reporters.JUnitReportReporter -->
<testsuite hostname="Ibrahim" failures="0" tests="5" name="testCases.InvalidLogin" time="9.793" errors="0" timestamp="2024-03-02T23:44:23 EST" skipped="0">
  <testcase classname="testCases.InvalidLogin" name="InvalidSignIn" time="1.891"/>
  <system-out/>
  <testcase classname="testCases.InvalidLogin" name="InvalidSignIn" time="1.897"/>
  <system-out/>
  <testcase classname="testCases.InvalidLogin" name="InvalidSignIn" time="1.958"/>
  <system-out/>
  <testcase classname="testCases.InvalidLogin" name="InvalidSignIn" time="2.124"/>
  <system-out/>
  <testcase classname="testCases.InvalidLogin" name="InvalidSignIn" time="1.923"/>
  <system-out/>
</testsuite> <!-- testCases.InvalidLogin -->
