<?xml version="1.0" encoding="UTF-8"?>
<!-- Generated by org.testng.reporters.JUnitReportReporter -->
<testsuite hostname="Ibrahim" failures="0" tests="1" name="testCases.ValidLogin" time="0.338" errors="0" timestamp="2024-02-22T19:57:26 EST" skipped="0">
  <testcase classname="testCases.ValidLogin" name="validlogin" time="0.338"/>
  <system-out/>
</testsuite> <!-- testCases.ValidLogin -->
