<?xml version="1.0" encoding="UTF-8"?>
<!-- Generated by org.testng.reporters.JUnitReportReporter -->
<testsuite hostname="Ibrahim" failures="0" tests="5" name="testCases.InvalidLogin" time="10.011" errors="0" timestamp="2024-03-02T23:00:07 EST" skipped="0">
  <testcase classname="testCases.InvalidLogin" name="InvalidSignIn" time="2.021"/>
  <system-out/>
  <testcase classname="testCases.InvalidLogin" name="InvalidSignIn" time="2.057"/>
  <system-out/>
  <testcase classname="testCases.InvalidLogin" name="InvalidSignIn" time="2.000"/>
  <system-out/>
  <testcase classname="testCases.InvalidLogin" name="InvalidSignIn" time="1.949"/>
  <system-out/>
  <testcase classname="testCases.InvalidLogin" name="InvalidSignIn" time="1.984"/>
  <system-out/>
</testsuite> <!-- testCases.InvalidLogin -->
