<?xml version="1.0" encoding="UTF-8"?>
<!-- Generated by org.testng.reporters.JUnitReportReporter -->
<testsuite hostname="Ibrahim" failures="0" tests="2" name="testCases.InvalidLogin" time="0.529" errors="0" timestamp="2024-02-19T21:35:49 EST" skipped="0">
  <testcase classname="testCases.InvalidLogin" name="invalidPW" time="0.374"/>
  <system-out/>
  <testcase classname="testCases.InvalidLogin" name="invalidUN" time="0.155"/>
  <system-out/>
</testsuite> <!-- testCases.InvalidLogin -->
