<?xml version="1.0" encoding="UTF-8"?>
<!-- Generated by org.testng.reporters.JUnitReportReporter -->
<testsuite hostname="Ibrahim" failures="0" tests="1" name="testCases.End2End" time="0.815" errors="0" timestamp="2024-02-19T21:35:49 EST" skipped="0">
  <testcase classname="testCases.End2End" name="EndToEnd" time="0.815"/>
  <system-out/>
</testsuite> <!-- testCases.End2End -->
