<?xml version="1.0" encoding="UTF-8"?>
<!-- Generated by org.testng.reporters.JUnitReportReporter -->
<testsuite hostname="Ibrahim" failures="0" tests="5" name="testCases.InvalidLogin" time="9.508" errors="0" timestamp="2024-03-02T21:04:34 EST" skipped="0">
  <testcase classname="testCases.InvalidLogin" name="InvalidSignIn" time="1.770"/>
  <system-out/>
  <testcase classname="testCases.InvalidLogin" name="InvalidSignIn" time="1.959"/>
  <system-out/>
  <testcase classname="testCases.InvalidLogin" name="InvalidSignIn" time="1.988"/>
  <system-out/>
  <testcase classname="testCases.InvalidLogin" name="InvalidSignIn" time="1.894"/>
  <system-out/>
  <testcase classname="testCases.InvalidLogin" name="InvalidSignIn" time="1.897"/>
  <system-out/>
</testsuite> <!-- testCases.InvalidLogin -->
