<?xml version="1.0" encoding="UTF-8"?>
<!-- Generated by org.testng.reporters.JUnitReportReporter -->
<testsuite hostname="Ibrahim" failures="0" tests="1" name="testCases.InvalidPW" time="0.381" errors="0" timestamp="2024-02-18T00:00:00 EST" skipped="0">
  <testcase classname="testCases.InvalidPW" name="invalidPW" time="0.381"/>
  <system-out/>
</testsuite> <!-- testCases.InvalidPW -->
