<?xml version="1.0" encoding="UTF-8"?>
<!-- Generated by org.testng.reporters.JUnitReportReporter -->
<testsuite hostname="Ibrahim" failures="0" tests="2" name="testCases.InvalidLogin" time="0.465" errors="0" timestamp="2024-02-22T19:57:26 EST" skipped="0">
  <testcase classname="testCases.InvalidLogin" name="invalidPW" time="0.321"/>
  <system-out/>
  <testcase classname="testCases.InvalidLogin" name="invalidUN" time="0.144"/>
  <system-out/>
</testsuite> <!-- testCases.InvalidLogin -->
